
        <dict>
            <key>name</key>
            <string>Civilization</string>
            <key>description</key>
            <string>Growth and decay</string>
            <key>image</key>
            <string>civilization</string>
            <key>coords</key>
            <array>
            
            <array>
                <integer>0</integer>
                <integer>6</integer>
            </array>
            <array>
                <integer>1</integer>
                <integer>5</integer>
            </array>
            <array>
                <integer>1</integer>
                <integer>6</integer>
            </array>
            <array>
                <integer>1</integer>
                <integer>7</integer>
            </array>
            <array>
                <integer>2</integer>
                <integer>5</integer>
            </array>
            <array>
                <integer>2</integer>
                <integer>7</integer>
            </array>
            <array>
                <integer>3</integer>
                <integer>6</integer>
            </array>
            <array>
                <integer>5</integer>
                <integer>1</integer>
            </array>
            <array>
                <integer>5</integer>
                <integer>2</integer>
            </array>
            <array>
                <integer>5</integer>
                <integer>10</integer>
            </array>
            <array>
                <integer>5</integer>
                <integer>11</integer>
            </array>
            <array>
                <integer>6</integer>
                <integer>0</integer>
            </array>
            <array>
                <integer>6</integer>
                <integer>3</integer>
            </array>
            <array>
                <integer>6</integer>
                <integer>9</integer>
            </array>
            <array>
                <integer>6</integer>
                <integer>12</integer>
            </array>
            <array>
                <integer>7</integer>
                <integer>1</integer>
            </array>
            <array>
                <integer>7</integer>
                <integer>2</integer>
            </array>
            <array>
                <integer>7</integer>
                <integer>10</integer>
            </array>
            <array>
                <integer>7</integer>
                <integer>11</integer>
            </array>
            <array>
                <integer>9</integer>
                <integer>6</integer>
            </array>
            <array>
                <integer>10</integer>
                <integer>5</integer>
            </array>
            <array>
                <integer>10</integer>
                <integer>7</integer>
            </array>
            <array>
                <integer>11</integer>
                <integer>5</integer>
            </array>
            <array>
                <integer>11</integer>
                <integer>7</integer>
            </array>
            <array>
                <integer>12</integer>
                <integer>6</integer>
            </array>
            </array>
        </dict>
        