
        <dict>
            <key>name</key>
            <string>John Conway</string>
            <key>description</key>
            <string>Tribute to the creator</string>
            <key>image</key>
            <string>conway</string>
            <key>coords</key>
            <array>
            
            <array>
                <integer>0</integer>
                <integer>2</integer>
            </array>
            <array>
                <integer>0</integer>
                <integer>3</integer>
            </array>
            <array>
                <integer>0</integer>
                <integer>4</integer>
            </array>
            <array>
                <integer>1</integer>
                <integer>2</integer>
            </array>
            <array>
                <integer>1</integer>
                <integer>4</integer>
            </array>
            <array>
                <integer>2</integer>
                <integer>2</integer>
            </array>
            <array>
                <integer>2</integer>
                <integer>4</integer>
            </array>
            <array>
                <integer>3</integer>
                <integer>3</integer>
            </array>
            <array>
                <integer>4</integer>
                <integer>0</integer>
            </array>
            <array>
                <integer>4</integer>
                <integer>2</integer>
            </array>
            <array>
                <integer>4</integer>
                <integer>3</integer>
            </array>
            <array>
                <integer>4</integer>
                <integer>4</integer>
            </array>
            <array>
                <integer>5</integer>
                <integer>1</integer>
            </array>
            <array>
                <integer>5</integer>
                <integer>3</integer>
            </array>
            <array>
                <integer>5</integer>
                <integer>5</integer>
            </array>
            <array>
                <integer>6</integer>
                <integer>3</integer>
            </array>
            <array>
                <integer>6</integer>
                <integer>6</integer>
            </array>
            <array>
                <integer>7</integer>
                <integer>2</integer>
            </array>
            <array>
                <integer>7</integer>
                <integer>4</integer>
            </array>
            <array>
                <integer>8</integer>
                <integer>2</integer>
            </array>
            <array>
                <integer>8</integer>
                <integer>4</integer>
            </array>
            </array>
        </dict>
        