
        <dict>
            <key>name</key>
            <string>Glider Gun</string>
            <key>description</key>
            <string>Spits out gliders</string>
            <key>image</key>
            <string>glider_gun</string>
            <key>coords</key>
            <array>
            
            <array>
                <integer>0</integer>
                <integer>24</integer>
            </array>
            <array>
                <integer>1</integer>
                <integer>22</integer>
            </array>
            <array>
                <integer>1</integer>
                <integer>24</integer>
            </array>
            <array>
                <integer>2</integer>
                <integer>12</integer>
            </array>
            <array>
                <integer>2</integer>
                <integer>13</integer>
            </array>
            <array>
                <integer>2</integer>
                <integer>20</integer>
            </array>
            <array>
                <integer>2</integer>
                <integer>21</integer>
            </array>
            <array>
                <integer>2</integer>
                <integer>34</integer>
            </array>
            <array>
                <integer>2</integer>
                <integer>35</integer>
            </array>
            <array>
                <integer>3</integer>
                <integer>11</integer>
            </array>
            <array>
                <integer>3</integer>
                <integer>15</integer>
            </array>
            <array>
                <integer>3</integer>
                <integer>20</integer>
            </array>
            <array>
                <integer>3</integer>
                <integer>21</integer>
            </array>
            <array>
                <integer>3</integer>
                <integer>34</integer>
            </array>
            <array>
                <integer>3</integer>
                <integer>35</integer>
            </array>
            <array>
                <integer>4</integer>
                <integer>0</integer>
            </array>
            <array>
                <integer>4</integer>
                <integer>1</integer>
            </array>
            <array>
                <integer>4</integer>
                <integer>10</integer>
            </array>
            <array>
                <integer>4</integer>
                <integer>16</integer>
            </array>
            <array>
                <integer>4</integer>
                <integer>20</integer>
            </array>
            <array>
                <integer>4</integer>
                <integer>21</integer>
            </array>
            <array>
                <integer>5</integer>
                <integer>0</integer>
            </array>
            <array>
                <integer>5</integer>
                <integer>1</integer>
            </array>
            <array>
                <integer>5</integer>
                <integer>10</integer>
            </array>
            <array>
                <integer>5</integer>
                <integer>14</integer>
            </array>
            <array>
                <integer>5</integer>
                <integer>16</integer>
            </array>
            <array>
                <integer>5</integer>
                <integer>17</integer>
            </array>
            <array>
                <integer>5</integer>
                <integer>22</integer>
            </array>
            <array>
                <integer>5</integer>
                <integer>24</integer>
            </array>
            <array>
                <integer>6</integer>
                <integer>10</integer>
            </array>
            <array>
                <integer>6</integer>
                <integer>16</integer>
            </array>
            <array>
                <integer>6</integer>
                <integer>24</integer>
            </array>
            <array>
                <integer>7</integer>
                <integer>11</integer>
            </array>
            <array>
                <integer>7</integer>
                <integer>15</integer>
            </array>
            <array>
                <integer>8</integer>
                <integer>12</integer>
            </array>
            <array>
                <integer>8</integer>
                <integer>13</integer>
            </array>
            </array>
        </dict>
        