
        <dict>
            <key>name</key>
            <string>Lightweight Spaceship</string>
            <key>description</key>
            <string>.</string>
            <key>image</key>
            <string>light_ship</string>
            <key>coords</key>
            <array>
            
            <array>
                <integer>0</integer>
                <integer>0</integer>
            </array>
            <array>
                <integer>0</integer>
                <integer>3</integer>
            </array>
            <array>
                <integer>1</integer>
                <integer>4</integer>
            </array>
            <array>
                <integer>2</integer>
                <integer>0</integer>
            </array>
            <array>
                <integer>2</integer>
                <integer>4</integer>
            </array>
            <array>
                <integer>3</integer>
                <integer>1</integer>
            </array>
            <array>
                <integer>3</integer>
                <integer>2</integer>
            </array>
            <array>
                <integer>3</integer>
                <integer>3</integer>
            </array>
            <array>
                <integer>3</integer>
                <integer>4</integer>
            </array>
            </array>
        </dict>
        