
        <dict>
            <key>name</key>
            <string>Puffer Train</string>
            <key>description</key>
            <string>Moves and creates gliders, leaves no debris</string>
            <key>image</key>
            <string>puffer_train</string>
            <key>coords</key>
            <array>
            
            <array>
                <integer>0</integer>
                <integer>0</integer>
            </array>
            <array>
                <integer>0</integer>
                <integer>1</integer>
            </array>
            <array>
                <integer>0</integer>
                <integer>2</integer>
            </array>
            <array>
                <integer>0</integer>
                <integer>14</integer>
            </array>
            <array>
                <integer>0</integer>
                <integer>15</integer>
            </array>
            <array>
                <integer>0</integer>
                <integer>16</integer>
            </array>
            <array>
                <integer>1</integer>
                <integer>0</integer>
            </array>
            <array>
                <integer>1</integer>
                <integer>4</integer>
            </array>
            <array>
                <integer>1</integer>
                <integer>14</integer>
            </array>
            <array>
                <integer>1</integer>
                <integer>17</integer>
            </array>
            <array>
                <integer>2</integer>
                <integer>0</integer>
            </array>
            <array>
                <integer>2</integer>
                <integer>14</integer>
            </array>
            <array>
                <integer>3</integer>
                <integer>0</integer>
            </array>
            <array>
                <integer>3</integer>
                <integer>6</integer>
            </array>
            <array>
                <integer>3</integer>
                <integer>9</integer>
            </array>
            <array>
                <integer>3</integer>
                <integer>14</integer>
            </array>
            <array>
                <integer>4</integer>
                <integer>1</integer>
            </array>
            <array>
                <integer>4</integer>
                <integer>3</integer>
            </array>
            <array>
                <integer>4</integer>
                <integer>6</integer>
            </array>
            <array>
                <integer>4</integer>
                <integer>10</integer>
            </array>
            <array>
                <integer>4</integer>
                <integer>15</integer>
            </array>
            <array>
                <integer>4</integer>
                <integer>17</integer>
            </array>
            <array>
                <integer>5</integer>
                <integer>7</integer>
            </array>
            <array>
                <integer>5</integer>
                <integer>8</integer>
            </array>
            <array>
                <integer>5</integer>
                <integer>9</integer>
            </array>
            <array>
                <integer>5</integer>
                <integer>10</integer>
            </array>
            <array>
                <integer>6</integer>
                <integer>9</integer>
            </array>
            <array>
                <integer>10</integer>
                <integer>7</integer>
            </array>
            <array>
                <integer>10</integer>
                <integer>8</integer>
            </array>
            <array>
                <integer>10</integer>
                <integer>9</integer>
            </array>
            <array>
                <integer>11</integer>
                <integer>7</integer>
            </array>
            <array>
                <integer>12</integer>
                <integer>8</integer>
            </array>
            </array>
        </dict>
        