
        <dict>
            <key>name</key>
            <string>Lightweight Spaceship</string>
            <key>description</key>
            <string>.</string>
            <key>image</key>
            <string>light_ship</string>
            <key>coords</key>
            <array>
            
            <array>
                <integer>0</integer>
                <integer>0</integer>
            </array>
            <array>
                <integer>0</integer>
                <integer>3</integer>
            </array>
            <array>
                <integer>1</integer>
                <integer>4</integer>
            </array>
            <array>
                <integer>2</integer>
                <integer>0</integer>
            </array>
            <array>
                <integer>2</integer>
                <integer>4</integer>
            </array>
            <array>
                <integer>3</integer>
                <integer>1</integer>
            </array>
            <array>
                <integer>3</integer>
                <integer>2</integer>
            </array>
            <array>
                <integer>3</integer>
                <integer>3</integer>
            </array>
            <array>
                <integer>3</integer>
                <integer>4</integer>
            </array>
            </array>
        </dict>
        
        <dict>
            <key>name</key>
            <string>Middleweight Spaceship</string>
            <key>description</key>
            <string>.</string>
            <key>image</key>
            <string>middle_ship</string>
            <key>coords</key>
            <array>
            
            <array>
                <integer>0</integer>
                <integer>2</integer>
            </array>
            <array>
                <integer>1</integer>
                <integer>0</integer>
            </array>
            <array>
                <integer>1</integer>
                <integer>4</integer>
            </array>
            <array>
                <integer>2</integer>
                <integer>5</integer>
            </array>
            <array>
                <integer>3</integer>
                <integer>0</integer>
            </array>
            <array>
                <integer>3</integer>
                <integer>5</integer>
            </array>
            <array>
                <integer>4</integer>
                <integer>1</integer>
            </array>
            <array>
                <integer>4</integer>
                <integer>2</integer>
            </array>
            <array>
                <integer>4</integer>
                <integer>3</integer>
            </array>
            <array>
                <integer>4</integer>
                <integer>4</integer>
            </array>
            <array>
                <integer>4</integer>
                <integer>5</integer>
            </array>
            </array>
        </dict>
        
        <dict>
            <key>name</key>
            <string>Heavyweight Spaceship</string>
            <key>description</key>
            <string>.</string>
            <key>image</key>
            <string>heavy_ship</string>
            <key>coords</key>
            <array>
            
            <array>
                <integer>0</integer>
                <integer>2</integer>
            </array>
            <array>
                <integer>0</integer>
                <integer>3</integer>
            </array>
            <array>
                <integer>1</integer>
                <integer>0</integer>
            </array>
            <array>
                <integer>1</integer>
                <integer>5</integer>
            </array>
            <array>
                <integer>2</integer>
                <integer>5</integer>
            </array>
            <array>
                <integer>3</integer>
                <integer>0</integer>
            </array>
            <array>
                <integer>3</integer>
                <integer>5</integer>
            </array>
            <array>
                <integer>4</integer>
                <integer>1</integer>
            </array>
            <array>
                <integer>4</integer>
                <integer>2</integer>
            </array>
            <array>
                <integer>4</integer>
                <integer>3</integer>
            </array>
            <array>
                <integer>4</integer>
                <integer>4</integer>
            </array>
            <array>
                <integer>4</integer>
                <integer>5</integer>
            </array>
            <array>
                <integer>4</integer>
                <integer>6</integer>
            </array>
            </array>
        </dict>
        
        <dict>
            <key>name</key>
            <string>Copperhead</string>
            <key>description</key>
            <string>A pulsating ship</string>
            <key>image</key>
            <string>copperhead</string>
            <key>coords</key>
            <array>
            
            <array>
                <integer>0</integer>
                <integer>1</integer>
            </array>
            <array>
                <integer>0</integer>
                <integer>2</integer>
            </array>
            <array>
                <integer>0</integer>
                <integer>5</integer>
            </array>
            <array>
                <integer>0</integer>
                <integer>6</integer>
            </array>
            <array>
                <integer>1</integer>
                <integer>3</integer>
            </array>
            <array>
                <integer>1</integer>
                <integer>4</integer>
            </array>
            <array>
                <integer>2</integer>
                <integer>3</integer>
            </array>
            <array>
                <integer>2</integer>
                <integer>4</integer>
            </array>
            <array>
                <integer>3</integer>
                <integer>0</integer>
            </array>
            <array>
                <integer>3</integer>
                <integer>2</integer>
            </array>
            <array>
                <integer>3</integer>
                <integer>5</integer>
            </array>
            <array>
                <integer>3</integer>
                <integer>7</integer>
            </array>
            <array>
                <integer>4</integer>
                <integer>0</integer>
            </array>
            <array>
                <integer>4</integer>
                <integer>7</integer>
            </array>
            <array>
                <integer>6</integer>
                <integer>0</integer>
            </array>
            <array>
                <integer>6</integer>
                <integer>7</integer>
            </array>
            <array>
                <integer>7</integer>
                <integer>1</integer>
            </array>
            <array>
                <integer>7</integer>
                <integer>2</integer>
            </array>
            <array>
                <integer>7</integer>
                <integer>5</integer>
            </array>
            <array>
                <integer>7</integer>
                <integer>6</integer>
            </array>
            <array>
                <integer>8</integer>
                <integer>2</integer>
            </array>
            <array>
                <integer>8</integer>
                <integer>3</integer>
            </array>
            <array>
                <integer>8</integer>
                <integer>4</integer>
            </array>
            <array>
                <integer>8</integer>
                <integer>5</integer>
            </array>
            <array>
                <integer>10</integer>
                <integer>3</integer>
            </array>
            <array>
                <integer>10</integer>
                <integer>4</integer>
            </array>
            <array>
                <integer>11</integer>
                <integer>3</integer>
            </array>
            <array>
                <integer>11</integer>
                <integer>4</integer>
            </array>
            </array>
        </dict>
        
        <dict>
            <key>name</key>
            <string>Loafer</string>
            <key>description</key>
            <string>Powered by bread</string>
            <key>image</key>
            <string>loafer</string>
            <key>coords</key>
            <array>
            
            <array>
                <integer>0</integer>
                <integer>1</integer>
            </array>
            <array>
                <integer>0</integer>
                <integer>2</integer>
            </array>
            <array>
                <integer>0</integer>
                <integer>5</integer>
            </array>
            <array>
                <integer>0</integer>
                <integer>7</integer>
            </array>
            <array>
                <integer>0</integer>
                <integer>8</integer>
            </array>
            <array>
                <integer>1</integer>
                <integer>0</integer>
            </array>
            <array>
                <integer>1</integer>
                <integer>3</integer>
            </array>
            <array>
                <integer>1</integer>
                <integer>6</integer>
            </array>
            <array>
                <integer>1</integer>
                <integer>7</integer>
            </array>
            <array>
                <integer>2</integer>
                <integer>1</integer>
            </array>
            <array>
                <integer>2</integer>
                <integer>3</integer>
            </array>
            <array>
                <integer>3</integer>
                <integer>2</integer>
            </array>
            <array>
                <integer>4</integer>
                <integer>8</integer>
            </array>
            <array>
                <integer>5</integer>
                <integer>6</integer>
            </array>
            <array>
                <integer>5</integer>
                <integer>7</integer>
            </array>
            <array>
                <integer>5</integer>
                <integer>8</integer>
            </array>
            <array>
                <integer>6</integer>
                <integer>5</integer>
            </array>
            <array>
                <integer>7</integer>
                <integer>6</integer>
            </array>
            <array>
                <integer>8</integer>
                <integer>7</integer>
            </array>
            <array>
                <integer>8</integer>
                <integer>8</integer>
            </array>
            </array>
        </dict>
        
        <dict>
            <key>name</key>
            <string>Weekender</string>
            <key>description</key>
            <string>A crab-like, pulsating ship</string>
            <key>image</key>
            <string>weekender</string>
            <key>coords</key>
            <array>
            
            <array>
                <integer>0</integer>
                <integer>1</integer>
            </array>
            <array>
                <integer>0</integer>
                <integer>14</integer>
            </array>
            <array>
                <integer>1</integer>
                <integer>1</integer>
            </array>
            <array>
                <integer>1</integer>
                <integer>14</integer>
            </array>
            <array>
                <integer>2</integer>
                <integer>0</integer>
            </array>
            <array>
                <integer>2</integer>
                <integer>2</integer>
            </array>
            <array>
                <integer>2</integer>
                <integer>13</integer>
            </array>
            <array>
                <integer>2</integer>
                <integer>15</integer>
            </array>
            <array>
                <integer>3</integer>
                <integer>1</integer>
            </array>
            <array>
                <integer>3</integer>
                <integer>14</integer>
            </array>
            <array>
                <integer>4</integer>
                <integer>1</integer>
            </array>
            <array>
                <integer>4</integer>
                <integer>14</integer>
            </array>
            <array>
                <integer>5</integer>
                <integer>2</integer>
            </array>
            <array>
                <integer>5</integer>
                <integer>6</integer>
            </array>
            <array>
                <integer>5</integer>
                <integer>7</integer>
            </array>
            <array>
                <integer>5</integer>
                <integer>8</integer>
            </array>
            <array>
                <integer>5</integer>
                <integer>9</integer>
            </array>
            <array>
                <integer>5</integer>
                <integer>13</integer>
            </array>
            <array>
                <integer>6</integer>
                <integer>6</integer>
            </array>
            <array>
                <integer>6</integer>
                <integer>7</integer>
            </array>
            <array>
                <integer>6</integer>
                <integer>8</integer>
            </array>
            <array>
                <integer>6</integer>
                <integer>9</integer>
            </array>
            <array>
                <integer>7</integer>
                <integer>2</integer>
            </array>
            <array>
                <integer>7</integer>
                <integer>3</integer>
            </array>
            <array>
                <integer>7</integer>
                <integer>4</integer>
            </array>
            <array>
                <integer>7</integer>
                <integer>5</integer>
            </array>
            <array>
                <integer>7</integer>
                <integer>10</integer>
            </array>
            <array>
                <integer>7</integer>
                <integer>11</integer>
            </array>
            <array>
                <integer>7</integer>
                <integer>12</integer>
            </array>
            <array>
                <integer>7</integer>
                <integer>13</integer>
            </array>
            <array>
                <integer>9</integer>
                <integer>4</integer>
            </array>
            <array>
                <integer>9</integer>
                <integer>11</integer>
            </array>
            <array>
                <integer>10</integer>
                <integer>5</integer>
            </array>
            <array>
                <integer>10</integer>
                <integer>6</integer>
            </array>
            <array>
                <integer>10</integer>
                <integer>9</integer>
            </array>
            <array>
                <integer>10</integer>
                <integer>10</integer>
            </array>
            </array>
        </dict>
        
        <dict>
            <key>name</key>
            <string>Sidewinder</string>
            <key>description</key>
            <string>A rattlesnake-like ship</string>
            <key>image</key>
            <string>sidewinder</string>
            <key>coords</key>
            <array>
            
            <array>
                <integer>0</integer>
                <integer>7</integer>
            </array>
            <array>
                <integer>0</integer>
                <integer>8</integer>
            </array>
            <array>
                <integer>0</integer>
                <integer>10</integer>
            </array>
            <array>
                <integer>1</integer>
                <integer>4</integer>
            </array>
            <array>
                <integer>1</integer>
                <integer>5</integer>
            </array>
            <array>
                <integer>1</integer>
                <integer>7</integer>
            </array>
            <array>
                <integer>1</integer>
                <integer>9</integer>
            </array>
            <array>
                <integer>1</integer>
                <integer>10</integer>
            </array>
            <array>
                <integer>1</integer>
                <integer>12</integer>
            </array>
            <array>
                <integer>1</integer>
                <integer>13</integer>
            </array>
            <array>
                <integer>1</integer>
                <integer>14</integer>
            </array>
            <array>
                <integer>2</integer>
                <integer>1</integer>
            </array>
            <array>
                <integer>2</integer>
                <integer>2</integer>
            </array>
            <array>
                <integer>2</integer>
                <integer>3</integer>
            </array>
            <array>
                <integer>2</integer>
                <integer>4</integer>
            </array>
            <array>
                <integer>2</integer>
                <integer>7</integer>
            </array>
            <array>
                <integer>2</integer>
                <integer>8</integer>
            </array>
            <array>
                <integer>2</integer>
                <integer>15</integer>
            </array>
            <array>
                <integer>3</integer>
                <integer>0</integer>
            </array>
            <array>
                <integer>3</integer>
                <integer>5</integer>
            </array>
            <array>
                <integer>3</integer>
                <integer>9</integer>
            </array>
            <array>
                <integer>3</integer>
                <integer>13</integer>
            </array>
            <array>
                <integer>3</integer>
                <integer>14</integer>
            </array>
            <array>
                <integer>4</integer>
                <integer>1</integer>
            </array>
            <array>
                <integer>4</integer>
                <integer>2</integer>
            </array>
            </array>
        </dict>
        