
        <dict>
            <key>name</key>
            <string>Sidewinder</string>
            <key>description</key>
            <string>A rattlesnake-like ship</string>
            <key>image</key>
            <string>sidewinder</string>
            <key>coords</key>
            <array>
            
            <array>
                <integer>0</integer>
                <integer>7</integer>
            </array>
            <array>
                <integer>0</integer>
                <integer>8</integer>
            </array>
            <array>
                <integer>0</integer>
                <integer>10</integer>
            </array>
            <array>
                <integer>1</integer>
                <integer>4</integer>
            </array>
            <array>
                <integer>1</integer>
                <integer>5</integer>
            </array>
            <array>
                <integer>1</integer>
                <integer>7</integer>
            </array>
            <array>
                <integer>1</integer>
                <integer>9</integer>
            </array>
            <array>
                <integer>1</integer>
                <integer>10</integer>
            </array>
            <array>
                <integer>1</integer>
                <integer>12</integer>
            </array>
            <array>
                <integer>1</integer>
                <integer>13</integer>
            </array>
            <array>
                <integer>1</integer>
                <integer>14</integer>
            </array>
            <array>
                <integer>2</integer>
                <integer>1</integer>
            </array>
            <array>
                <integer>2</integer>
                <integer>2</integer>
            </array>
            <array>
                <integer>2</integer>
                <integer>3</integer>
            </array>
            <array>
                <integer>2</integer>
                <integer>4</integer>
            </array>
            <array>
                <integer>2</integer>
                <integer>7</integer>
            </array>
            <array>
                <integer>2</integer>
                <integer>8</integer>
            </array>
            <array>
                <integer>2</integer>
                <integer>15</integer>
            </array>
            <array>
                <integer>3</integer>
                <integer>0</integer>
            </array>
            <array>
                <integer>3</integer>
                <integer>5</integer>
            </array>
            <array>
                <integer>3</integer>
                <integer>9</integer>
            </array>
            <array>
                <integer>3</integer>
                <integer>13</integer>
            </array>
            <array>
                <integer>3</integer>
                <integer>14</integer>
            </array>
            <array>
                <integer>4</integer>
                <integer>1</integer>
            </array>
            <array>
                <integer>4</integer>
                <integer>2</integer>
            </array>
            </array>
        </dict>
        